\BOOKMARK [1][-]{section.1}{Introduction}{}% 1
\BOOKMARK [1][-]{section.2}{Module Heirarchy}{}% 2
\BOOKMARK [1][-]{section.3}{MIS of Command line Interface Module}{}% 3
\BOOKMARK [2][-]{subsection.3.1}{Exported Access Programs}{section.3}% 4
\BOOKMARK [2][-]{subsection.3.2}{Interface Semantics}{section.3}% 5
\BOOKMARK [3][-]{subsubsection.3.2.1}{State Variables}{subsection.3.2}% 6
\BOOKMARK [3][-]{subsubsection.3.2.2}{Environment Variables}{subsection.3.2}% 7
\BOOKMARK [3][-]{subsubsection.3.2.3}{Assumption}{subsection.3.2}% 8
\BOOKMARK [3][-]{subsubsection.3.2.4}{Access Program Semantics}{subsection.3.2}% 9
\BOOKMARK [1][-]{section.4}{MIS of Memory Module}{}% 10
\BOOKMARK [2][-]{subsection.4.1}{Exported Access Programs}{section.4}% 11
\BOOKMARK [2][-]{subsection.4.2}{Interface Semantics}{section.4}% 12
\BOOKMARK [3][-]{subsubsection.4.2.1}{State Variables}{subsection.4.2}% 13
\BOOKMARK [3][-]{subsubsection.4.2.2}{Environment Variables}{subsection.4.2}% 14
\BOOKMARK [3][-]{subsubsection.4.2.3}{Assumption}{subsection.4.2}% 15
\BOOKMARK [3][-]{subsubsection.4.2.4}{Access Program Semantics}{subsection.4.2}% 16
\BOOKMARK [1][-]{section.5}{MIS of Cartridge Module}{}% 17
\BOOKMARK [2][-]{subsection.5.1}{Exported Access Programs}{section.5}% 18
\BOOKMARK [2][-]{subsection.5.2}{Interface Semantics}{section.5}% 19
\BOOKMARK [3][-]{subsubsection.5.2.1}{State Variables}{subsection.5.2}% 20
\BOOKMARK [3][-]{subsubsection.5.2.2}{Environment Variables}{subsection.5.2}% 21
\BOOKMARK [3][-]{subsubsection.5.2.3}{Assumption}{subsection.5.2}% 22
\BOOKMARK [3][-]{subsubsection.5.2.4}{Access Program Semantics}{subsection.5.2}% 23
\BOOKMARK [1][-]{section.6}{MIS of CPU Module}{}% 24
\BOOKMARK [2][-]{subsection.6.1}{Exported Access Programs}{section.6}% 25
\BOOKMARK [2][-]{subsection.6.2}{Interface Semantics}{section.6}% 26
\BOOKMARK [3][-]{subsubsection.6.2.1}{State Variables}{subsection.6.2}% 27
\BOOKMARK [3][-]{subsubsection.6.2.2}{Environment Variables}{subsection.6.2}% 28
\BOOKMARK [3][-]{subsubsection.6.2.3}{Assumption}{subsection.6.2}% 29
\BOOKMARK [3][-]{subsubsection.6.2.4}{Access Program Semantics}{subsection.6.2}% 30
\BOOKMARK [1][-]{subsubsection.6.2.4}{Version History}{}% 31
