\BOOKMARK [1][-]{section.1}{General Introduction}{}% 1
\BOOKMARK [1][-]{section.2}{Definitions}{}% 2
\BOOKMARK [1][-]{section.3}{General System Description}{}% 3
\BOOKMARK [2][-]{subsection.3.1}{Module Description}{section.3}% 4
\BOOKMARK [2][-]{subsection.3.2}{User Characteristics and Conditions}{section.3}% 5
\BOOKMARK [2][-]{subsection.3.3}{Assumptions and Dependencies}{section.3}% 6
\BOOKMARK [1][-]{section.4}{Functional Requirements}{}% 7
\BOOKMARK [1][-]{section.5}{Non-Functional Requirements}{}% 8
\BOOKMARK [2][-]{subsection.5.1}{Quality Requirements}{section.5}% 9
\BOOKMARK [2][-]{subsection.5.2}{Look and Feel Requirements}{section.5}% 10
\BOOKMARK [2][-]{subsection.5.3}{Usability Requirements}{section.5}% 11
\BOOKMARK [2][-]{subsection.5.4}{Performance Requirements}{section.5}% 12
\BOOKMARK [2][-]{subsection.5.5}{Operational Requirements}{section.5}% 13
\BOOKMARK [2][-]{subsection.5.6}{Maintainability and Portability Requirements}{section.5}% 14
\BOOKMARK [2][-]{subsection.5.7}{Security \046 Safety Requirements}{section.5}% 15
\BOOKMARK [2][-]{subsection.5.8}{Cultural and Political Requirements}{section.5}% 16
\BOOKMARK [2][-]{subsection.5.9}{Legal Requirements}{section.5}% 17
\BOOKMARK [1][-]{section.6}{Use Cases \(Scenarios\)}{}% 18
\BOOKMARK [1][-]{section.7}{Inputs}{}% 19
\BOOKMARK [1][-]{section.8}{Outputs}{}% 20
\BOOKMARK [1][-]{section.9}{Specific Details}{}% 21
\BOOKMARK [1][-]{section.10}{Proof of Concept Demonstration}{}% 22
\BOOKMARK [1][-]{section.10}{References}{}% 23
\BOOKMARK [1][-]{section*.2}{Version History}{}% 24
